<?xml version="1.0" encoding="UTF-8"?>
<testng-results skipped="0" failed="0" total="1" passed="1">
  <reporter-output>
  </reporter-output>
  <suite name="Surefire suite" duration-ms="21495" started-at="2017-04-05T04:39:56Z" finished-at="2017-04-05T04:40:17Z">
    <groups>
    </groups>
    <test name="Surefire test" duration-ms="21495" started-at="2017-04-05T04:39:56Z" finished-at="2017-04-05T04:40:17Z">
      <class name="org.jug.algeria.controller.HomeControllerIntegrationTests">
        <test-method status="PASS" signature="shouldAdd_AppUser_ToDb()[pri:0, instance:shouldAdd_AppUser_ToDb(org.jug.algeria.controller.HomeControllerIntegrationTests)]" name="shouldAdd_AppUser_ToDb" duration-ms="41" started-at="2017-04-05T10:10:17Z" finished-at="2017-04-05T10:10:17Z">
          <reporter-output>
          </reporter-output>
        </test-method> <!-- shouldAdd_AppUser_ToDb -->
      </class> <!-- org.jug.algeria.controller.HomeControllerIntegrationTests -->
    </test> <!-- Surefire test -->
  </suite> <!-- Surefire suite -->
</testng-results>
